
g0,43306,

g1,37169,

g2,39373,

g3,37851,

g4,35690,

g5,35605,

g6,35440,

g7,35271,

g8,35248,

g9,35201,


g10,35201,

g11,35201,

g12,35201,

g13,35201,

g14,35201,

g15,35201,

g16,35201,

g17,35201,

g18,35201,

g19,35201,


g20,35201,

g21,35201,

g22,35201,

g23,35201,

g24,35201,

g25,35201,

g26,35201,

g27,35201,

g28,35201,

g29,35201,


g30,35201,

g31,35201,

g32,35201,

g33,35201,

g34,35201,

g35,35201,

g36,35201,

g37,35201,

g38,35201,

g39,35201,


g40,35201,

g41,35201,

g42,35201,

g43,35201,

g44,35201,

g45,35201,

g46,35201,

g47,35201,

g48,35201,

g49,35201,


g50,35201,

g51,35201,

g52,35201,

g53,35201,

g54,35201,

g55,35201,

g56,35201,

g57,35201,

g58,35201,

g59,35201,


g60,35201,

g61,35201,

g62,35201,

g63,35201,

g64,35201,

g65,35201,

g66,35201,

g67,35201,

g68,35201,

g69,35201,


g70,35201,

g71,35201,

g72,35201,

g73,35201,

g74,35201,

g75,35201,

g76,35201,

g77,35201,

g78,35201,

g79,35201,


g80,35201,

g81,35201,

g82,35201,

g83,35201,

g84,35201,

g85,35201,

g86,35201,

g87,35201,

g88,35201,

g89,35201,


g90,35201,

g91,35201,

g92,35201,

g93,35201,

g94,35201,

g95,35201,

g96,35201,

g97,35201,

g98,35201,

g99,35201,


g100,35201,

g101,35201,

g102,35201,

g103,35201,

g104,35201,

g105,35201,

g106,35201,

g107,35201,

g108,35201,

g109,35201,


g110,35201,

g111,35201,

g112,35201,

g113,35201,

g114,35201,

g115,35201,

g116,35201,

g117,35201,

g118,35201,

g119,35201,


g120,35201,

g121,35201,

g122,35201,

g123,35201,

g124,35201,

g125,35201,

g126,35201,

g127,35201,

g128,35201,

g129,35201,


g130,35201,

g131,35201,

g132,35201,

g133,35201,

g134,35201,

g135,35201,

g136,35201,

g137,35201,

g138,35201,

g139,35201,


g140,35201,

g141,35201,

g142,35201,

g143,35201,

g144,35201,

g145,35201,

g146,35201,

g147,35201,

g148,35201,

g149,35201,


g150,35201,

g151,35201,

g152,35201,

g153,35201,

g154,35201,

g155,35201,

g156,35201,

g157,35201,

g158,35201,

g159,35201,


g160,35201,

g161,35201,

g162,35201,

g163,35201,

g164,35201,

g165,35201,

g166,35201,

g167,35201,

g168,35201,

g169,35201,


g170,35201,

g171,35201,

g172,35201,

g173,35201,

g174,35201,

g175,35201,

g176,35201,

g177,35201,

g178,35201,

g179,35201,


g180,35201,

g181,35201,

g182,35201,

g183,35201,

g184,35201,

g185,35201,

g186,35201,

g187,35201,

g188,35201,

g189,35201,


g190,35201,

g191,35201,

g192,35201,

g193,35201,

g194,35201,

g195,35201,

g196,35201,

g197,35201,

g198,35201,

g199,35201,


g200,35201,

g201,35201,

g202,35201,

g203,35201,

g204,35201,

g205,35201,

g206,35201,

g207,35201,

g208,35201,

g209,35201,


g210,35201,

g211,35201,

g212,35201,

g213,35201,

g214,35201,

g215,35201,

g216,35201,

g217,35201,

g218,35201,

g219,35201,


g220,35201,

g221,35201,

g222,35201,

g223,35201,

g224,35201,

g225,35201,

g226,35201,

g227,35201,

g228,35201,

g229,35201,


g230,35201,

g231,35201,

g232,35201,

g233,35201,

g234,35201,

g235,35201,

g236,35201,

g237,35201,

g238,35201,

g239,35201,


g240,35201,

g241,35201,

g242,35201,

g243,35201,

g244,35201,

g245,35201,

g246,35201,

g247,35201,

g248,35201,

g249,35201,


g250,35201,

g251,35201,

g252,35201,

g253,35201,

g254,35201,

g255,35201,

g256,35201,

g257,35201,

g258,35201,

g259,35201,


g260,35201,

g261,35201,

g262,35201,

g263,35201,

g264,35201,

g265,35201,

g266,35201,

g267,35201,

g268,35201,

g269,35201,


g270,35201,

g271,35201,

g272,35201,

g273,35201,

g274,35201,

g275,35201,

g276,35201,

g277,35201,

g278,35201,

g279,35201,


g280,35201,

g281,35201,

g282,35201,

g283,35201,

g284,35201,

g285,35201,

g286,35201,

g287,35201,

g288,35201,

g289,35201,


g290,35201,

g291,35201,

g292,35201,

g293,35201,

g294,35201,

g295,35201,

g296,35201,

g297,35201,

g298,35201,

g299,35201,


g300,35201,

g301,35201,

g302,35201,

g303,35201,

g304,35201,

g305,35201,

g306,35201,

g307,35201,

g308,35201,

g309,35201,


g310,35201,

g311,35201,

g312,35201,

g313,35201,

g314,35201,

g315,35201,

g316,35201,

g317,35201,

g318,35201,

g319,35201,


g320,35201,

g321,35201,

g322,35201,

g323,35201,

g324,35201,

g325,35201,

g326,35201,

g327,35201,

g328,35201,

g329,35201,


g330,35201,

g331,35201,

g332,35201,

g333,35201,

g334,35201,

g335,35201,

g336,35201,

g337,35201,

g338,35201,

g339,35201,


g340,35201,

g341,35201,

g342,35201,

g343,35201,

g344,35201,

g345,35201,

g346,35201,

g347,35201,

g348,35201,

g349,35201,


g350,35201,

g351,35201,

g352,35201,

g353,35201,

g354,35201,

g355,35201,

g356,35201,

g357,35201,

g358,35201,

g359,35201,


g360,35201,

g361,35201,

g362,35201,

g363,35201,

g364,35201,

g365,35201,

g366,35201,

g367,35201,

g368,35201,

g369,35201,


g370,35201,

g371,35201,

g372,35201,

g373,35201,

g374,35201,

g375,35201,

g376,35201,

g377,35201,

g378,35201,

g379,35201,


g380,35201,

g381,35201,

g382,35201,

g383,35201,

g384,35201,

g385,35201,

g386,35201,

g387,35201,

g388,35201,

g389,35201,


g390,35201,

g391,35201,

g392,35201,

g393,35201,

g394,35201,

g395,35201,

g396,35201,

g397,35201,

g398,35201,

g399,35201,


g400,35201,

g401,35201,

g402,35201,

g403,35201,

g404,35201,

g405,35201,

g406,35201,

g407,35201,

g408,35201,

g409,35201,


g410,35201,

g411,35201,

g412,35201,

g413,35201,

g414,35201,

g415,35201,

g416,35201,

g417,35201,

g418,35201,

g419,35201,


g420,35201,

g421,35201,

g422,35201,

g423,35201,

g424,35201,

g425,35201,

g426,35201,

g427,35201,

g428,35201,

g429,35201,


g430,35201,

g431,35201,

g432,35201,

g433,35201,

g434,35201,

g435,35201,

g436,35201,

g437,35201,

g438,35201,

g439,35201,


g440,35201,

g441,35201,

g442,35201,

g443,35201,

g444,35201,

g445,35201,

g446,35201,

g447,35201,

g448,35201,

g449,35201,


g450,35201,

g451,35201,

g452,35201,

g453,35201,

g454,35201,

g455,35201,

g456,35201,

g457,35201,

g458,35201,

g459,35201,


g460,35201,

g461,35201,

g462,35201,

g463,35201,

g464,35201,

g465,35201,

g466,35201,

g467,35201,

g468,35201,

g469,35201,


g470,35201,

g471,35201,

g472,35201,

g473,35201,

g474,35201,

g475,35201,

g476,35201,

g477,35201,

g478,35201,

g479,35201,


g480,35201,

g481,35201,

g482,35201,

g483,35201,

g484,35201,

g485,35201,

g486,35201,

g487,35201,

g488,35201,

g489,35201,


g490,35201,

g491,35201,

g492,35201,

g493,35201,

g494,35201,

g495,35201,

g496,35201,

g497,35201,

g498,35201,

g499,35201,



g0,43306,

g1,37169,

g2,39373,

g3,37851,

g4,35690,

g5,35605,

g6,35440,

g7,35271,

g8,35248,

g9,35201,


g10,35201,

g11,35201,

g12,35201,

g13,35201,

g14,35201,

g15,35201,

g16,35201,

g17,35201,

g18,35201,

g19,35201,


g20,35201,

g21,35201,

g22,35201,

g23,35201,

g24,35201,

g25,35201,

g26,35201,

g27,35201,

g28,35201,

g29,35201,


g30,35201,

g31,35201,

g32,35201,

g33,35201,

g34,35201,

g35,35201,

g36,35201,

g37,35201,

g38,35201,

g39,35201,


g40,35201,

g41,35201,

g42,35201,

g43,35201,

g44,35201,

g45,35201,

g46,35201,

g47,35201,

g48,35201,

g49,35201,


g50,35201,

g51,35201,

g52,35201,

g53,35201,

g54,35201,

g55,35201,

g56,35201,

g57,35201,

g58,35201,

g59,35201,


g60,35201,

g61,35201,

g62,35201,

g63,35201,

g64,35201,

g65,35201,

g66,35201,

g67,35201,

g68,35201,

g69,35201,


g70,35201,

g71,35201,

g72,35201,

g73,35201,

g74,35201,

g75,35201,

g76,35201,

g77,35201,

g78,35201,

g79,35201,


g80,35201,

g81,35201,

g82,35201,

g83,35201,

g84,35201,

g85,35201,

g86,35201,

g87,35201,

g88,35201,

g89,35201,


g90,35201,

g91,35201,

g92,35201,

g93,35201,

g94,35201,

g95,35201,

g96,35201,

g97,35201,

g98,35201,

g99,35201,


g100,35201,

g101,35201,

g102,35201,

g103,35201,

g104,35201,

g105,35201,

g106,35201,

g107,35201,

g108,35201,

g109,35201,


g110,35201,

g111,35201,

g112,35201,

g113,35201,

g114,35201,

g115,35201,

g116,35201,

g117,35201,

g118,35201,

g119,35201,


g120,35201,

g121,35201,

g122,35201,

g123,35201,

g124,35201,

g125,35201,

g126,35201,

g127,35201,

g128,35201,

g129,35201,


g130,35201,

g131,35201,

g132,35201,

g133,35201,

g134,35201,

g135,35201,

g136,35201,

g137,35201,

g138,35201,

g139,35201,


g140,35201,

g141,35201,

g142,35201,

g143,35201,

g144,35201,

g145,35201,

g146,35201,

g147,35201,

g148,35201,

g149,35201,


g150,35201,

g151,35201,

g152,35201,

g153,35201,

g154,35201,

g155,35201,

g156,35201,

g157,35201,

g158,35201,

g159,35201,


g160,35201,

g161,35201,

g162,35201,

g163,35201,

g164,35201,

g165,35201,

g166,35201,

g167,35201,

g168,35201,

g169,35201,


g170,35201,

g171,35201,

g172,35201,

g173,35201,

g174,35201,

g175,35201,

g176,35201,

g177,35201,

g178,35201,

g179,35201,


g180,35201,

g181,35201,

g182,35201,

g183,35201,

g184,35201,

g185,35201,

g186,35201,

g187,35201,

g188,35201,

g189,35201,


g190,35201,

g191,35201,

g192,35201,

g193,35201,

g194,35201,

g195,35201,

g196,35201,

g197,35201,

g198,35201,

g199,35201,


g200,35201,

g201,35201,

g202,35201,

g203,35201,

g204,35201,

g205,35201,

g206,35201,

g207,35201,

g208,35201,

g209,35201,


g210,35201,

g211,35201,

g212,35201,

g213,35201,

g214,35201,

g215,35201,

g216,35201,

g217,35201,

g218,35201,

g219,35201,


g220,35201,

g221,35201,

g222,35201,

g223,35201,

g224,35201,

g225,35201,

g226,35201,

g227,35201,

g228,35201,

g229,35201,


g230,35201,

g231,35201,

g232,35201,

g233,35201,

g234,35201,

g235,35201,

g236,35201,

g237,35201,

g238,35201,

g239,35201,


g240,35201,

g241,35201,

g242,35201,

g243,35201,

g244,35201,

g245,35201,

g246,35201,

g247,35201,

g248,35201,

g249,35201,


g250,35201,

g251,35201,

g252,35201,

g253,35201,

g254,35201,

g255,35201,

g256,35201,

g257,35201,

g258,35201,

g259,35201,


g260,35201,

g261,35201,

g262,35201,

g263,35201,

g264,35201,

g265,35201,

g266,35201,

g267,35201,

g268,35201,

g269,35201,


g270,35201,

g271,35201,

g272,35201,

g273,35201,

g274,35201,

g275,35201,

g276,35201,

g277,35201,

g278,35201,

g279,35201,


g280,35201,

g281,35201,

g282,35201,

g283,35201,

g284,35201,

g285,35201,

g286,35201,

g287,35201,

g288,35201,

g289,35201,


g290,35201,

g291,35201,

g292,35201,

g293,35201,

g294,35201,

g295,35201,

g296,35201,

g297,35201,

g298,35201,

g299,35201,


g300,35201,

g301,35201,

g302,35201,

g303,35201,

g304,35201,

g305,35201,

g306,35201,

g307,35201,

g308,35201,

g309,35201,


g310,35201,

g311,35201,

g312,35201,

g313,35201,

g314,35201,

g315,35201,

g316,35201,

g317,35201,

g318,35201,

g319,35201,


g320,35201,

g321,35201,

g322,35201,

g323,35201,

g324,35201,

g325,35201,

g326,35201,

g327,35201,

g328,35201,

g329,35201,


g330,35201,

g331,35201,

g332,35201,

g333,35201,

g334,35201,

g335,35201,

g336,35201,

g337,35201,

g338,35201,

g339,35201,


g340,35201,

g341,35201,

g342,35201,

g343,35201,

g344,35201,

g345,35201,

g346,35201,

g347,35201,

g348,35201,

g349,35201,


g350,35201,

g351,35201,

g352,35201,

g353,35201,

g354,35201,

g355,35201,

g356,35201,

g357,35201,

g358,35201,

g359,35201,


g360,35201,

g361,35201,

g362,35201,

g363,35201,

g364,35201,

g365,35201,

g366,35201,

g367,35201,

g368,35201,

g369,35201,


g370,35201,

g371,35201,

g372,35201,

g373,35201,

g374,35201,

g375,35201,

g376,35201,

g377,35201,

g378,35201,

g379,35201,


g380,35201,

g381,35201,

g382,35201,

g383,35201,

g384,35201,

g385,35201,

g386,35201,

g387,35201,

g388,35201,

g389,35201,


g390,35201,

g391,35201,

g392,35201,

g393,35201,

g394,35201,

g395,35201,

g396,35201,

g397,35201,

g398,35201,

g399,35201,


g400,35201,

g401,35201,

g402,35201,

g403,35201,

g404,35201,

g405,35201,

g406,35201,

g407,35201,

g408,35201,

g409,35201,


g410,35201,

g411,35201,

g412,35201,

g413,35201,

g414,35201,

g415,35201,

g416,35201,

g417,35201,

g418,35201,

g419,35201,


g420,35201,

g421,35201,

g422,35201,

g423,35201,

g424,35201,

g425,35201,

g426,35201,

g427,35201,

g428,35201,

g429,35201,


g430,35201,

g431,35201,

g432,35201,

g433,35201,

g434,35201,

g435,35201,

g436,35201,

g437,35201,

g438,35201,

g439,35201,


g440,35201,

g441,35201,

g442,35201,

g443,35201,

g444,35201,

g445,35201,

g446,35201,

g447,35201,

g448,35201,

g449,35201,


g450,35201,

g451,35201,

g452,35201,

g453,35201,

g454,35201,

g455,35201,

g456,35201,

g457,35201,

g458,35201,

g459,35201,


g460,35201,

g461,35201,

g462,35201,

g463,35201,

g464,35201,

g465,35201,

g466,35201,

g467,35201,

g468,35201,

g469,35201,


g470,35201,

g471,35201,

g472,35201,

g473,35201,

g474,35201,

g475,35201,

g476,35201,

g477,35201,

g478,35201,

g479,35201,


g480,35201,

g481,35201,

g482,35201,

g483,35201,

g484,35201,

g485,35201,

g486,35201,

g487,35201,

g488,35201,

g489,35201,


g490,35201,

g491,35201,

g492,35201,

g493,35201,

g494,35201,

g495,35201,

g496,35201,

g497,35201,

g498,35201,

g499,35201,



g0,43306,

g1,37169,

g2,39373,

g3,37851,

g4,35690,

g5,35605,

g6,35440,

g7,35271,

g8,35248,

g9,35201,


g10,35201,

g11,35201,

g12,35201,

g13,35201,

g14,35201,

g15,35201,

g16,35201,

g17,35201,

g18,35201,

g19,35201,


g20,35201,

g21,35201,

g22,35201,

g23,35201,

g24,35201,

g25,35201,

g26,35201,

g27,35201,

g28,35201,

g29,35201,


g30,35201,

g31,35201,

g32,35201,

g33,35201,

g34,35201,

g35,35201,

g36,35201,

g37,35201,

g38,35201,

g39,35201,


g40,35201,

g41,35201,

g42,35201,

g43,35201,

g44,35201,

g45,35201,

g46,35201,

g47,35201,

g48,35201,

g49,35201,


g50,35201,

g51,35201,

g52,35201,

g53,35201,

g54,35201,

g55,35201,

g56,35201,

g57,35201,

g58,35201,

g59,35201,


g60,35201,

g61,35201,

g62,35201,

g63,35201,

g64,35201,

g65,35201,

g66,35201,

g67,35201,

g68,35201,

g69,35201,


g70,35201,

g71,35201,

g72,35201,

g73,35201,

g74,35201,

g75,35201,

g76,35201,

g77,35201,

g78,35201,

g79,35201,


g80,35201,

g81,35201,

g82,35201,

g83,35201,

g84,35201,

g85,35201,

g86,35201,

g87,35201,

g88,35201,

g89,35201,


g90,35201,

g91,35201,

g92,35201,

g93,35201,

g94,35201,

g95,35201,

g96,35201,

g97,35201,

g98,35201,

g99,35201,


g100,35201,

g101,35201,

g102,35201,

g103,35201,

g104,35201,

g105,35201,

g106,35201,

g107,35201,

g108,35201,

g109,35201,


g110,35201,

g111,35201,

g112,35201,

g113,35201,

g114,35201,

g115,35201,

g116,35201,

g117,35201,

g118,35201,

g119,35201,


g120,35201,

g121,35201,

g122,35201,

g123,35201,

g124,35201,

g125,35201,

g126,35201,

g127,35201,

g128,35201,

g129,35201,


g130,35201,

g131,35201,

g132,35201,

g133,35201,

g134,35201,

g135,35201,

g136,35201,

g137,35201,

g138,35201,

g139,35201,


g140,35201,

g141,35201,

g142,35201,

g143,35201,

g144,35201,

g145,35201,

g146,35201,

g147,35201,

g148,35201,

g149,35201,


g150,35201,

g151,35201,

g152,35201,

g153,35201,

g154,35201,

g155,35201,

g156,35201,

g157,35201,

g158,35201,

g159,35201,


g160,35201,

g161,35201,

g162,35201,

g163,35201,

g164,35201,

g165,35201,

g166,35201,

g167,35201,

g168,35201,

g169,35201,


g170,35201,

g171,35201,

g172,35201,

g173,35201,

g174,35201,

g175,35201,

g176,35201,

g177,35201,

g178,35201,

g179,35201,


g180,35201,

g181,35201,

g182,35201,

g183,35201,

g184,35201,

g185,35201,

g186,35201,

g187,35201,

g188,35201,

g189,35201,


g190,35201,

g191,35201,

g192,35201,

g193,35201,

g194,35201,

g195,35201,

g196,35201,

g197,35201,

g198,35201,

g199,35201,


g200,35201,

g201,35201,

g202,35201,

g203,35201,

g204,35201,

g205,35201,

g206,35201,

g207,35201,

g208,35201,

g209,35201,


g210,35201,

g211,35201,

g212,35201,

g213,35201,

g214,35201,

g215,35201,

g216,35201,

g217,35201,

g218,35201,

g219,35201,


g220,35201,

g221,35201,

g222,35201,

g223,35201,

g224,35201,

g225,35201,

g226,35201,

g227,35201,

g228,35201,

g229,35201,


g230,35201,

g231,35201,

g232,35201,

g233,35201,

g234,35201,

g235,35201,

g236,35201,

g237,35201,

g238,35201,

g239,35201,


g240,35201,

g241,35201,

g242,35201,

g243,35201,

g244,35201,

g245,35201,

g246,35201,

g247,35201,

g248,35201,

g249,35201,


g250,35201,

g251,35201,

g252,35201,

g253,35201,

g254,35201,

g255,35201,

g256,35201,

g257,35201,

g258,35201,

g259,35201,


g260,35201,

g261,35201,

g262,35201,

g263,35201,

g264,35201,

g265,35201,

g266,35201,

g267,35201,

g268,35201,

g269,35201,


g270,35201,

g271,35201,

g272,35201,

g273,35201,

g274,35201,

g275,35201,

g276,35201,

g277,35201,

g278,35201,

g279,35201,


g280,35201,

g281,35201,

g282,35201,

g283,35201,

g284,35201,

g285,35201,

g286,35201,

g287,35201,

g288,35201,

g289,35201,


g290,35201,

g291,35201,

g292,35201,

g293,35201,

g294,35201,

g295,35201,

g296,35201,

g297,35201,

g298,35201,

g299,35201,


g300,35201,

g301,35201,

g302,35201,

g303,35201,

g304,35201,

g305,35201,

g306,35201,

g307,35201,

g308,35201,

g309,35201,


g310,35201,

g311,35201,

g312,35201,

g313,35201,

g314,35201,

g315,35201,

g316,35201,

g317,35201,

g318,35201,

g319,35201,


g320,35201,

g321,35201,

g322,35201,

g323,35201,

g324,35201,

g325,35201,

g326,35201,

g327,35201,

g328,35201,

g329,35201,


g330,35201,

g331,35201,

g332,35201,

g333,35201,

g334,35201,

g335,35201,

g336,35201,

g337,35201,

g338,35201,

g339,35201,


g340,35201,

g341,35201,

g342,35201,

g343,35201,

g344,35201,

g345,35201,

g346,35201,

g347,35201,

g348,35201,

g349,35201,


g350,35201,

g351,35201,

g352,35201,

g353,35201,

g354,35201,

g355,35201,

g356,35201,

g357,35201,

g358,35201,

g359,35201,


g360,35201,

g361,35201,

g362,35201,

g363,35201,

g364,35201,

g365,35201,

g366,35201,

g367,35201,

g368,35201,

g369,35201,


g370,35201,

g371,35201,

g372,35201,

g373,35201,

g374,35201,

g375,35201,

g376,35201,

g377,35201,

g378,35201,

g379,35201,


g380,35201,

g381,35201,

g382,35201,

g383,35201,

g384,35201,

g385,35201,

g386,35201,

g387,35201,

g388,35201,

g389,35201,


g390,35201,

g391,35201,

g392,35201,

g393,35201,

g394,35201,

g395,35201,

g396,35201,

g397,35201,

g398,35201,

g399,35201,


g400,35201,

g401,35201,

g402,35201,

g403,35201,

g404,35201,

g405,35201,

g406,35201,

g407,35201,

g408,35201,

g409,35201,


g410,35201,

g411,35201,

g412,35201,

g413,35201,

g414,35201,

g415,35201,

g416,35201,

g417,35201,

g418,35201,

g419,35201,


g420,35201,

g421,35201,

g422,35201,

g423,35201,

g424,35201,

g425,35201,

g426,35201,

g427,35201,

g428,35201,

g429,35201,


g430,35201,

g431,35201,

g432,35201,

g433,35201,

g434,35201,

g435,35201,

g436,35201,

g437,35201,

g438,35201,

g439,35201,


g440,35201,

g441,35201,

g442,35201,

g443,35201,

g444,35201,

g445,35201,

g446,35201,

g447,35201,

g448,35201,

g449,35201,


g450,35201,

g451,35201,

g452,35201,

g453,35201,

g454,35201,

g455,35201,

g456,35201,

g457,35201,

g458,35201,

g459,35201,


g460,35201,

g461,35201,

g462,35201,

g463,35201,

g464,35201,

g465,35201,

g466,35201,

g467,35201,

g468,35201,

g469,35201,


g470,35201,

g471,35201,

g472,35201,

g473,35201,

g474,35201,

g475,35201,

g476,35201,

g477,35201,

g478,35201,

g479,35201,


g480,35201,

g481,35201,

g482,35201,

g483,35201,

g484,35201,

g485,35201,

g486,35201,

g487,35201,

g488,35201,

g489,35201,


g490,35201,

g491,35201,

g492,35201,

g493,35201,

g494,35201,

g495,35201,

g496,35201,

g497,35201,

g498,35201,

g499,35201,



g0,43306,

g1,37169,

g2,39373,

g3,37851,

g4,35690,

g5,35605,

g6,35440,

g7,35271,

g8,35248,

g9,35201,


g10,35201,

g11,35201,

g12,35201,

g13,35201,

g14,35201,

g15,35201,

g16,35201,

g17,35201,

g18,35201,

g19,35201,


g20,35201,

g21,35201,

g22,35201,

g23,35201,

g24,35201,

g25,35201,

g26,35201,

g27,35201,

g28,35201,

g29,35201,


g30,35201,

g31,35201,

g32,35201,

g33,35201,

g34,35201,

g35,35201,

g36,35201,

g37,35201,

g38,35201,

g39,35201,


g40,35201,

g41,35201,

g42,35201,

g43,35201,

g44,35201,

g45,35201,

g46,35201,

g47,35201,

g48,35201,

g49,35201,


g50,35201,

g51,35201,

g52,35201,

g53,35201,

g54,35201,

g55,35201,

g56,35201,

g57,35201,

g58,35201,

g59,35201,


g60,35201,

g61,35201,

g62,35201,

g63,35201,

g64,35201,

g65,35201,

g66,35201,

g67,35201,

g68,35201,

g69,35201,


g70,35201,

g71,35201,

g72,35201,

g73,35201,

g74,35201,

g75,35201,

g76,35201,

g77,35201,

g78,35201,

g79,35201,


g80,35201,

g81,35201,

g82,35201,

g83,35201,

g84,35201,

g85,35201,

g86,35201,

g87,35201,

g88,35201,

g89,35201,


g90,35201,

g91,35201,

g92,35201,

g93,35201,

g94,35201,

g95,35201,

g96,35201,

g97,35201,

g98,35201,

g99,35201,


g100,35201,

g101,35201,

g102,35201,

g103,35201,

g104,35201,

g105,35201,

g106,35201,

g107,35201,

g108,35201,

g109,35201,


g110,35201,

g111,35201,

g112,35201,

g113,35201,

g114,35201,

g115,35201,

g116,35201,

g117,35201,

g118,35201,

g119,35201,


g120,35201,

g121,35201,

g122,35201,

g123,35201,

g124,35201,

g125,35201,

g126,35201,

g127,35201,

g128,35201,

g129,35201,


g130,35201,

g131,35201,

g132,35201,

g133,35201,

g134,35201,

g135,35201,

g136,35201,

g137,35201,

g138,35201,

g139,35201,


g140,35201,

g141,35201,

g142,35201,

g143,35201,

g144,35201,

g145,35201,

g146,35201,

g147,35201,

g148,35201,

g149,35201,


g150,35201,

g151,35201,

g152,35201,

g153,35201,

g154,35201,

g155,35201,

g156,35201,

g157,35201,

g158,35201,

g159,35201,


g160,35201,

g161,35201,

g162,35201,

g163,35201,

g164,35201,

g165,35201,

g166,35201,

g167,35201,

g168,35201,

g169,35201,


g170,35201,

g171,35201,

g172,35201,

g173,35201,

g174,35201,

g175,35201,

g176,35201,

g177,35201,

g178,35201,

g179,35201,


g180,35201,

g181,35201,

g182,35201,

g183,35201,

g184,35201,

g185,35201,

g186,35201,

g187,35201,

g188,35201,

g189,35201,


g190,35201,

g191,35201,

g192,35201,

g193,35201,

g194,35201,

g195,35201,

g196,35201,

g197,35201,

g198,35201,

g199,35201,


g200,35201,

g201,35201,

g202,35201,

g203,35201,

g204,35201,

g205,35201,

g206,35201,

g207,35201,

g208,35201,

g209,35201,


g210,35201,

g211,35201,

g212,35201,

g213,35201,

g214,35201,

g215,35201,

g216,35201,

g217,35201,

g218,35201,

g219,35201,


g220,35201,

g221,35201,

g222,35201,

g223,35201,

g224,35201,

g225,35201,

g226,35201,

g227,35201,

g228,35201,

g229,35201,


g230,35201,

g231,35201,

g232,35201,

g233,35201,

g234,35201,

g235,35201,

g236,35201,

g237,35201,

g238,35201,

g239,35201,


g240,35201,

g241,35201,

g242,35201,

g243,35201,

g244,35201,

g245,35201,

g246,35201,

g247,35201,

g248,35201,

g249,35201,


g250,35201,

g251,35201,

g252,35201,

g253,35201,

g254,35201,

g255,35201,

g256,35201,

g257,35201,

g258,35201,

g259,35201,


g260,35201,

g261,35201,

g262,35201,

g263,35201,

g264,35201,

g265,35201,

g266,35201,

g267,35201,

g268,35201,

g269,35201,


g270,35201,

g271,35201,

g272,35201,

g273,35201,

g274,35201,

g275,35201,

g276,35201,

g277,35201,

g278,35201,

g279,35201,


g280,35201,

g281,35201,

g282,35201,

g283,35201,

g284,35201,

g285,35201,

g286,35201,

g287,35201,

g288,35201,

g289,35201,


g290,35201,

g291,35201,

g292,35201,

g293,35201,

g294,35201,

g295,35201,

g296,35201,

g297,35201,

g298,35201,

g299,35201,


g300,35201,

g301,35201,

g302,35201,

g303,35201,

g304,35201,

g305,35201,

g306,35201,

g307,35201,

g308,35201,

g309,35201,


g310,35201,

g311,35201,

g312,35201,

g313,35201,

g314,35201,

g315,35201,

g316,35201,

g317,35201,

g318,35201,

g319,35201,


g320,35201,

g321,35201,

g322,35201,

g323,35201,

g324,35201,

g325,35201,

g326,35201,

g327,35201,

g328,35201,

g329,35201,


g330,35201,

g331,35201,

g332,35201,

g333,35201,

g334,35201,

g335,35201,

g336,35201,

g337,35201,

g338,35201,

g339,35201,


g340,35201,

g341,35201,

g342,35201,

g343,35201,

g344,35201,

g345,35201,

g346,35201,

g347,35201,

g348,35201,

g349,35201,


g350,35201,

g351,35201,

g352,35201,

g353,35201,

g354,35201,

g355,35201,

g356,35201,

g357,35201,

g358,35201,

g359,35201,


g360,35201,

g361,35201,

g362,35201,

g363,35201,

g364,35201,

g365,35201,

g366,35201,

g367,35201,

g368,35201,

g369,35201,


g370,35201,

g371,35201,

g372,35201,

g373,35201,

g374,35201,

g375,35201,

g376,35201,

g377,35201,

g378,35201,

g379,35201,


g380,35201,

g381,35201,

g382,35201,

g383,35201,

g384,35201,

g385,35201,

g386,35201,

g387,35201,

g388,35201,

g389,35201,


g390,35201,

g391,35201,

g392,35201,

g393,35201,

g394,35201,

g395,35201,

g396,35201,

g397,35201,

g398,35201,

g399,35201,


g400,35201,

g401,35201,

g402,35201,

g403,35201,

g404,35201,

g405,35201,

g406,35201,

g407,35201,

g408,35201,

g409,35201,


g410,35201,

g411,35201,

g412,35201,

g413,35201,

g414,35201,

g415,35201,

g416,35201,

g417,35201,

g418,35201,

g419,35201,


g420,35201,

g421,35201,

g422,35201,

g423,35201,

g424,35201,

g425,35201,

g426,35201,

g427,35201,

g428,35201,

g429,35201,


g430,35201,

g431,35201,

g432,35201,

g433,35201,

g434,35201,

g435,35201,

g436,35201,

g437,35201,

g438,35201,

g439,35201,


g440,35201,

g441,35201,

g442,35201,

g443,35201,

g444,35201,

g445,35201,

g446,35201,

g447,35201,

g448,35201,

g449,35201,


g450,35201,

g451,35201,

g452,35201,

g453,35201,

g454,35201,

g455,35201,

g456,35201,

g457,35201,

g458,35201,

g459,35201,


g460,35201,

g461,35201,

g462,35201,

g463,35201,

g464,35201,

g465,35201,

g466,35201,

g467,35201,

g468,35201,

g469,35201,


g470,35201,

g471,35201,

g472,35201,

g473,35201,

g474,35201,

g475,35201,

g476,35201,

g477,35201,

g478,35201,

g479,35201,


g480,35201,

g481,35201,

g482,35201,

g483,35201,

g484,35201,

g485,35201,

g486,35201,

g487,35201,

g488,35201,

g489,35201,


g490,35201,

g491,35201,

g492,35201,

g493,35201,

g494,35201,

g495,35201,

g496,35201,

g497,35201,

g498,35201,

g499,35201,



g0,43306,

g1,37169,

g2,39373,

g3,37851,

g4,35690,

g5,35605,

g6,35440,

g7,35271,

g8,35248,

g9,35201,


g10,35201,

g11,35201,

g12,35201,

g13,35201,

g14,35201,

g15,35201,

g16,35201,

g17,35201,

g18,35201,

g19,35201,


g20,35201,

g21,35201,

g22,35201,

g23,35201,

g24,35201,

g25,35201,

g26,35201,

g27,35201,

g28,35201,

g29,35201,


g30,35201,

g31,35201,

g32,35201,

g33,35201,

g34,35201,

g35,35201,

g36,35201,

g37,35201,

g38,35201,

g39,35201,


g40,35201,

g41,35201,

g42,35201,

g43,35201,

g44,35201,

g45,35201,

g46,35201,

g47,35201,

g48,35201,

g49,35201,


g50,35201,

g51,35201,

g52,35201,

g53,35201,

g54,35201,

g55,35201,

g56,35201,

g57,35201,

g58,35201,

g59,35201,


g60,35201,

g61,35201,

g62,35201,

g63,35201,

g64,35201,

g65,35201,

g66,35201,

g67,35201,

g68,35201,

g69,35201,


g70,35201,

g71,35201,

g72,35201,

g73,35201,

g74,35201,

g75,35201,

g76,35201,

g77,35201,

g78,35201,

g79,35201,


g80,35201,

g81,35201,

g82,35201,

g83,35201,

g84,35201,

g85,35201,

g86,35201,

g87,35201,

g88,35201,

g89,35201,


g90,35201,

g91,35201,

g92,35201,

g93,35201,

g94,35201,

g95,35201,

g96,35201,

g97,35201,

g98,35201,

g99,35201,


g100,35201,

g101,35201,

g102,35201,

g103,35201,

g104,35201,

g105,35201,

g106,35201,

g107,35201,

g108,35201,

g109,35201,


g110,35201,

g111,35201,

g112,35201,

g113,35201,

g114,35201,

g115,35201,

g116,35201,

g117,35201,

g118,35201,

g119,35201,


g120,35201,

g121,35201,

g122,35201,

g123,35201,

g124,35201,

g125,35201,

g126,35201,

g127,35201,

g128,35201,

g129,35201,


g130,35201,

g131,35201,

g132,35201,

g133,35201,

g134,35201,

g135,35201,

